Microsoft Windows [Version 10.0.26100.2033]
(c) Microsoft Corporation. All rights reserved.

C:\Users\pbobc>sqlplus / as sysdba

SQL*Plus: Release 18.0.0.0.0 - Production on Tue Oct 22 21:18:58 2024
Version 18.4.0.0.0

Copyright (c) 1982, 2018, Oracle.  All rights reserved.


Connected to:
Oracle Database 18c Express Edition Release 18.0.0.0.0 - Production
Version 18.4.0.0.0

SQL> @%ORACLE_HOME%\rdbms\admin\addmrpt.sql

Current Instance
~~~~~~~~~~~~~~~~

   DB Id    DB Name      Inst Num Instance
----------- ------------ -------- ------------
 3007669234 XE                  1 xe


Instances in this Workload Repository schema
~~~~~~~~~~~~~~~~~~~~~~~~~~~~~~~~~~~~~~~~~~~~
  DB Id      Inst Num   DB Name      Instance     Host
------------ ---------- ---------    ----------   ------
* 3007669234     1      XE           xe           DESKTOP-REMI

Using 3007669234 for database Id
Using          1 for instance number


Specify the number of days of snapshots to choose from
~~~~~~~~~~~~~~~~~~~~~~~~~~~~~~~~~~~~~~~~~~~~~~~~~~~~~~
Entering the number of days (n) will result in the most recent
(n) days of snapshots being listed.  Pressing <return> without
specifying a number lists all completed snapshots.



Listing the last 3 days of Completed Snapshots
Instance     DB Name      Snap Id       Snap Started    Snap Level
------------ ------------ ---------- ------------------ ----------

xe           XE                5180  20 Oct 2024 10:59    1
                               5181  20 Oct 2024 12:00    1
                               5182  20 Oct 2024 13:00    1
                               5183  20 Oct 2024 14:00    1
                               5184  20 Oct 2024 15:00    1
                               5185  20 Oct 2024 16:20    1
                               5186  20 Oct 2024 17:00    1
                               5187  20 Oct 2024 18:00    1
                               5188  20 Oct 2024 19:00    1
                               5189  21 Oct 2024 10:17    1
                               5190  21 Oct 2024 11:01    1
                               5193  21 Oct 2024 13:00    1
                               5194  21 Oct 2024 14:00    1
                               5195  21 Oct 2024 15:00    1
                               5196  21 Oct 2024 16:24    1
                               5197  21 Oct 2024 17:00    1
                               5198  21 Oct 2024 18:00    1
                               5199  21 Oct 2024 19:00    1
                               5200  21 Oct 2024 20:00    1
                               5201  21 Oct 2024 21:00    1
                               5202  22 Oct 2024 09:50    1
                               5203  22 Oct 2024 11:00    1
                               5204  22 Oct 2024 12:00    1
                               5205  22 Oct 2024 13:00    1
                               5206  22 Oct 2024 14:00    1
                               5207  22 Oct 2024 14:50    1
                               5208  22 Oct 2024 16:00    1
                               5209  22 Oct 2024 17:00    1
                               5210  22 Oct 2024 18:00    1
                               5211  22 Oct 2024 19:00    1
                               5212  22 Oct 2024 20:00    1
                               5213  22 Oct 2024 21:00    1


Specify the Begin and End Snapshot Ids
~~~~~~~~~~~~~~~~~~~~~~~~~~~~~~~~~~~~~~
Enter value for begin_snap: 5207
Begin Snapshot Id specified: 5207

Enter value for end_snap: 5208
End   Snapshot Id specified: 5208



Specify the Report Name
~~~~~~~~~~~~~~~~~~~~~~~
The default report file name is addmrpt_1_5207_5208.txt.  To use this name,
press <return> to continue, otherwise enter an alternative.

Enter value for report_name:

Using the report name addmrpt_1_5207_5208.txt


Running the ADDM analysis on the specified pair of snapshots ...

begin
*
ERROR at line 1:
ORA-13716: Diagnostic Package License is needed for using this feature.
ORA-06512: at "SYS.PRVT_SMGUTIL", line 56
ORA-06512: at "SYS.PRVT_SMGUTIL", line 37
ORA-06512: at "SYS.PRVT_ADVISOR", line 8586
ORA-06512: at "SYS.PRVT_ADVISOR", line 8630
ORA-06512: at "SYS.PRVT_ADVISOR", line 8713
ORA-06512: at "SYS.DBMS_ADVISOR", line 105
ORA-06512: at line 12



Generating the ADDM report for this analysis ...


ERROR:
ORA-13608: The specified name NULL is invalid.
ORA-06512: at "SYS.PRVT_ADVISOR", line 3834
ORA-06512: at "SYS.PRVT_ADVISOR", line 7134
ORA-06512: at "SYS.DBMS_SYS_ERROR", line 86
ORA-06512: at "SYS.PRVT_ADVISOR", line 68
ORA-06512: at "SYS.PRVT_ADVISOR", line 5990
ORA-06512: at "SYS.PRVT_ADVISOR", line 7064
ORA-06512: at "SYS.PRVT_ADVISOR", line 3766
ORA-06512: at "SYS.DBMS_ADVISOR", line 664
ORA-06512: at line 1



End of Report
Report written to addmrpt_1_5207_5208.txt
SQL>